2019-03-11 10:30:45,806 - SimpleLog4JLogSystem initialized using logfile 'velocity.log'
2019-03-11 10:30:45,806 - ************************************************************** 
2019-03-11 10:30:45,806 - Starting Jakarta Velocity v1.4
2019-03-11 10:30:45,806 - RuntimeInstance initializing.
2019-03-11 10:30:45,806 - Default Properties File: org\apache\velocity\runtime\defaults\velocity.properties
2019-03-11 10:30:45,806 - Trying to use logger class org.apache.velocity.runtime.log.SimpleLog4JLogSystem
2019-03-11 10:30:45,806 - Using logger class org.apache.velocity.runtime.log.SimpleLog4JLogSystem
2019-03-11 10:30:45,808 - Default ResourceManager initializing. (class org.apache.velocity.runtime.resource.ResourceManagerImpl)
2019-03-11 10:30:45,811 - Resource Loader Instantiated: org.apache.velocity.runtime.resource.loader.ClasspathResourceLoader
2019-03-11 10:30:45,811 - ClasspathResourceLoader : initialization starting.
2019-03-11 10:30:45,811 - ClasspathResourceLoader : initialization complete.
2019-03-11 10:30:45,812 - ResourceCache : initialized. (class org.apache.velocity.runtime.resource.ResourceCacheImpl)
2019-03-11 10:30:45,812 - Default ResourceManager initialization complete.
2019-03-11 10:30:45,813 - Loaded System Directive: org.apache.velocity.runtime.directive.Literal
2019-03-11 10:30:45,814 - Loaded System Directive: org.apache.velocity.runtime.directive.Macro
2019-03-11 10:30:45,816 - Loaded System Directive: org.apache.velocity.runtime.directive.Parse
2019-03-11 10:30:45,817 - Loaded System Directive: org.apache.velocity.runtime.directive.Include
2019-03-11 10:30:45,817 - Loaded System Directive: org.apache.velocity.runtime.directive.Foreach
2019-03-11 10:30:45,836 - Created: 20 parsers.
2019-03-11 10:30:45,841 - Velocimacro : initialization starting.
2019-03-11 10:30:45,841 - Velocimacro : adding VMs from VM library template : VM_global_library.vm
2019-03-11 10:30:45,844 - ResourceManager : unable to find resource 'VM_global_library.vm' in any resource loader.
2019-03-11 10:30:45,844 - Velocimacro : error using  VM library template VM_global_library.vm : org.apache.velocity.exception.ResourceNotFoundException: Unable to find resource 'VM_global_library.vm'
2019-03-11 10:30:45,844 - Velocimacro :  VM library template macro registration complete.
2019-03-11 10:30:45,844 - Velocimacro : allowInline = true : VMs can be defined inline in templates
2019-03-11 10:30:45,844 - Velocimacro : allowInlineToOverride = false : VMs defined inline may NOT replace previous VM definitions
2019-03-11 10:30:45,844 - Velocimacro : allowInlineLocal = false : VMs defined inline will be  global in scope if allowed.
2019-03-11 10:30:45,845 - Velocimacro : messages on  : VM system will output logging messages
2019-03-11 10:30:45,845 - Velocimacro : autoload off  : VM system will not automatically reload global library macros
2019-03-11 10:30:45,845 - Velocimacro : initialization complete.
2019-03-11 10:30:45,845 - Velocity successfully started.
2019-03-11 10:37:45,410 - SimpleLog4JLogSystem initialized using logfile 'velocity.log'
2019-03-11 10:37:45,410 - ************************************************************** 
2019-03-11 10:37:45,410 - Starting Jakarta Velocity v1.4
2019-03-11 10:37:45,410 - RuntimeInstance initializing.
2019-03-11 10:37:45,410 - Default Properties File: org\apache\velocity\runtime\defaults\velocity.properties
2019-03-11 10:37:45,410 - Trying to use logger class org.apache.velocity.runtime.log.SimpleLog4JLogSystem
2019-03-11 10:37:45,410 - Using logger class org.apache.velocity.runtime.log.SimpleLog4JLogSystem
2019-03-11 10:37:45,412 - Default ResourceManager initializing. (class org.apache.velocity.runtime.resource.ResourceManagerImpl)
2019-03-11 10:37:45,414 - Resource Loader Instantiated: org.apache.velocity.runtime.resource.loader.ClasspathResourceLoader
2019-03-11 10:37:45,414 - ClasspathResourceLoader : initialization starting.
2019-03-11 10:37:45,414 - ClasspathResourceLoader : initialization complete.
2019-03-11 10:37:45,415 - ResourceCache : initialized. (class org.apache.velocity.runtime.resource.ResourceCacheImpl)
2019-03-11 10:37:45,415 - Default ResourceManager initialization complete.
2019-03-11 10:37:45,416 - Loaded System Directive: org.apache.velocity.runtime.directive.Literal
2019-03-11 10:37:45,417 - Loaded System Directive: org.apache.velocity.runtime.directive.Macro
2019-03-11 10:37:45,418 - Loaded System Directive: org.apache.velocity.runtime.directive.Parse
2019-03-11 10:37:45,419 - Loaded System Directive: org.apache.velocity.runtime.directive.Include
2019-03-11 10:37:45,420 - Loaded System Directive: org.apache.velocity.runtime.directive.Foreach
2019-03-11 10:37:45,439 - Created: 20 parsers.
2019-03-11 10:37:45,443 - Velocimacro : initialization starting.
2019-03-11 10:37:45,444 - Velocimacro : adding VMs from VM library template : VM_global_library.vm
2019-03-11 10:37:45,446 - ResourceManager : unable to find resource 'VM_global_library.vm' in any resource loader.
2019-03-11 10:37:45,446 - Velocimacro : error using  VM library template VM_global_library.vm : org.apache.velocity.exception.ResourceNotFoundException: Unable to find resource 'VM_global_library.vm'
2019-03-11 10:37:45,446 - Velocimacro :  VM library template macro registration complete.
2019-03-11 10:37:45,446 - Velocimacro : allowInline = true : VMs can be defined inline in templates
2019-03-11 10:37:45,446 - Velocimacro : allowInlineToOverride = false : VMs defined inline may NOT replace previous VM definitions
2019-03-11 10:37:45,446 - Velocimacro : allowInlineLocal = false : VMs defined inline will be  global in scope if allowed.
2019-03-11 10:37:45,446 - Velocimacro : messages on  : VM system will output logging messages
2019-03-11 10:37:45,447 - Velocimacro : autoload off  : VM system will not automatically reload global library macros
2019-03-11 10:37:45,447 - Velocimacro : initialization complete.
2019-03-11 10:37:45,447 - Velocity successfully started.
2019-03-11 10:39:16,696 - SimpleLog4JLogSystem initialized using logfile 'velocity.log'
2019-03-11 10:39:16,697 - ************************************************************** 
2019-03-11 10:39:16,697 - Starting Jakarta Velocity v1.4
2019-03-11 10:39:16,697 - RuntimeInstance initializing.
2019-03-11 10:39:16,697 - Default Properties File: org\apache\velocity\runtime\defaults\velocity.properties
2019-03-11 10:39:16,697 - Trying to use logger class org.apache.velocity.runtime.log.SimpleLog4JLogSystem
2019-03-11 10:39:16,697 - Using logger class org.apache.velocity.runtime.log.SimpleLog4JLogSystem
2019-03-11 10:39:16,700 - Default ResourceManager initializing. (class org.apache.velocity.runtime.resource.ResourceManagerImpl)
2019-03-11 10:39:16,701 - Resource Loader Instantiated: org.apache.velocity.runtime.resource.loader.ClasspathResourceLoader
2019-03-11 10:39:16,701 - ClasspathResourceLoader : initialization starting.
2019-03-11 10:39:16,702 - ClasspathResourceLoader : initialization complete.
2019-03-11 10:39:16,702 - ResourceCache : initialized. (class org.apache.velocity.runtime.resource.ResourceCacheImpl)
2019-03-11 10:39:16,702 - Default ResourceManager initialization complete.
2019-03-11 10:39:16,704 - Loaded System Directive: org.apache.velocity.runtime.directive.Literal
2019-03-11 10:39:16,705 - Loaded System Directive: org.apache.velocity.runtime.directive.Macro
2019-03-11 10:39:16,706 - Loaded System Directive: org.apache.velocity.runtime.directive.Parse
2019-03-11 10:39:16,707 - Loaded System Directive: org.apache.velocity.runtime.directive.Include
2019-03-11 10:39:16,708 - Loaded System Directive: org.apache.velocity.runtime.directive.Foreach
2019-03-11 10:39:16,726 - Created: 20 parsers.
2019-03-11 10:39:16,730 - Velocimacro : initialization starting.
2019-03-11 10:39:16,730 - Velocimacro : adding VMs from VM library template : VM_global_library.vm
2019-03-11 10:39:16,734 - ResourceManager : unable to find resource 'VM_global_library.vm' in any resource loader.
2019-03-11 10:39:16,734 - Velocimacro : error using  VM library template VM_global_library.vm : org.apache.velocity.exception.ResourceNotFoundException: Unable to find resource 'VM_global_library.vm'
2019-03-11 10:39:16,734 - Velocimacro :  VM library template macro registration complete.
2019-03-11 10:39:16,734 - Velocimacro : allowInline = true : VMs can be defined inline in templates
2019-03-11 10:39:16,734 - Velocimacro : allowInlineToOverride = false : VMs defined inline may NOT replace previous VM definitions
2019-03-11 10:39:16,734 - Velocimacro : allowInlineLocal = false : VMs defined inline will be  global in scope if allowed.
2019-03-11 10:39:16,734 - Velocimacro : messages on  : VM system will output logging messages
2019-03-11 10:39:16,734 - Velocimacro : autoload off  : VM system will not automatically reload global library macros
2019-03-11 10:39:16,734 - Velocimacro : initialization complete.
2019-03-11 10:39:16,734 - Velocity successfully started.
2019-03-11 10:49:44,473 - ResourceManager : found repast/simphony/scenario/Scenario.vt with loader org.apache.velocity.runtime.resource.loader.ClasspathResourceLoader
2019-03-11 10:49:53,221 - ResourceManager : found repast/simphony/scenario/Scenario.vt with loader org.apache.velocity.runtime.resource.loader.ClasspathResourceLoader
2019-03-11 10:49:53,379 - ResourceManager : found repast/simphony/scenario/Scenario.vt with loader org.apache.velocity.runtime.resource.loader.ClasspathResourceLoader
2019-03-11 10:49:53,571 - ResourceManager : found repast/simphony/scenario/Scenario.vt with loader org.apache.velocity.runtime.resource.loader.ClasspathResourceLoader
2019-03-11 10:51:24,492 - ResourceManager : found repast/simphony/scenario/Scenario.vt with loader org.apache.velocity.runtime.resource.loader.ClasspathResourceLoader
2019-03-11 10:51:24,682 - ResourceManager : found repast/simphony/scenario/Scenario.vt with loader org.apache.velocity.runtime.resource.loader.ClasspathResourceLoader
